18:38:03 | [bashew_github_action.sh] 0.0.2 started
18:38:03 | Running gha:before
18:38:07 | [bashew_github_action.sh] ended after 5 secs
18:38:07 | [bashew_github_action.sh] 0.0.2 started
18:38:07 | Running gha:execute
18:38:07 | Create screenshot
Screenshot of 'https://blog.forret.com' written to 'output/blog.forret.com.png'
18:38:10 | [bashew_github_action.sh] ended after 3 secs
18:38:10 | [bashew_github_action.sh] 0.0.2 started
18:38:10 | Running gha:after
18:41:25 | [bashew_github_action.sh] 1.0.0 started
18:41:25 | Running gha:before
18:41:32 | [bashew_github_action.sh] ended after 8 secs
18:41:32 | [bashew_github_action.sh] 1.0.0 started
18:41:32 | Running gha:execute
18:41:32 | Create screenshot
Screenshot of 'https://blog.forret.com' written to 'output/blog.forret.com.png'
18:41:35 | [bashew_github_action.sh] ended after 3 secs
18:41:35 | [bashew_github_action.sh] 1.0.0 started
18:41:35 | Running gha:after
18:42:55 | [bashew_github_action.sh] 1.0.0 started
18:42:55 | Running gha:before
18:43:01 | [bashew_github_action.sh] ended after 6 secs
18:43:01 | [bashew_github_action.sh] 1.0.0 started
18:43:01 | Running gha:execute
18:43:01 | Create screenshots
Screenshot of 'https://blog.forret.com' written to 'output/blog.forret.com.png'
Screenshot of 'https://peter.forret.com' written to 'output/peter.forret.com.png'
18:43:06 | [bashew_github_action.sh] ended after 5 secs
18:43:07 | [bashew_github_action.sh] 1.0.0 started
18:43:07 | Running gha:after
18:46:21 | [bashew_github_action.sh] 1.0.0 started
18:46:21 | Running gha:before
18:46:26 | [bashew_github_action.sh] ended after 5 secs
18:46:27 | [bashew_github_action.sh] 1.0.0 started
18:46:27 | Running gha:execute
18:46:27 | Create screenshots
Screenshot of 'https://blog.forret.com' written to 'output/blog.forret.com.png'
Screenshot of 'https://peter.forret.com' written to 'output/peter.forret.com.png'
18:46:32 | [bashew_github_action.sh] ended after 5 secs
18:46:32 | [bashew_github_action.sh] 1.0.0 started
18:46:32 | Running gha:after
18:53:06 | [bashew_github_action.sh] 1.0.0 started
18:53:06 | Running gha:before
18:53:11 | [bashew_github_action.sh] ended after 5 secs
18:53:11 | [bashew_github_action.sh] 1.0.0 started
18:53:11 | Running gha:execute
18:53:11 | Create screenshots
Screenshot of 'https://blog.forret.com' written to 'output/blog.forret.com.png'
Screenshot of 'https://peter.forret.com' written to 'output/peter.forret.com.png'
18:53:16 | [bashew_github_action.sh] ended after 5 secs
18:53:16 | [bashew_github_action.sh] 1.0.0 started
18:53:16 | Running gha:after
18:56:04 | [bashew_github_action.sh] 1.0.1 started
18:56:04 | Running gha:before
18:56:08 | [bashew_github_action.sh] ended after 4 secs
18:56:08 | [bashew_github_action.sh] 1.0.1 started
18:56:08 | Running gha:execute
18:56:08 | Create screenshots
Screenshot of 'https://blog.forret.com' written to 'output/blog.forret.com.png'
Screenshot of 'https://peter.forret.com' written to 'output/peter.forret.com.png'
18:56:13 | [bashew_github_action.sh] ended after 5 secs
18:56:13 | [bashew_github_action.sh] 1.0.1 started
18:56:13 | Running gha:after
18:58:30 | [bashew_github_action.sh] 1.0.1 started
18:58:30 | Running gha:before
18:58:34 | [bashew_github_action.sh] ended after 4 secs
18:58:34 | [bashew_github_action.sh] 1.0.1 started
18:58:34 | Running gha:execute
18:58:34 | Create screenshots
Screenshot of 'https://blog.forret.com' written to 'output/blog.forret.com.png'
Screenshot of 'https://peter.forret.com' written to 'output/peter.forret.com.png'
18:58:39 | [bashew_github_action.sh] ended after 5 secs
18:58:39 | [bashew_github_action.sh] 1.0.1 started
18:58:39 | Running gha:after
19:04:56 | [bashew_github_action.sh] 1.0.2 started
19:04:56 | Running gha:before
19:05:01 | [bashew_github_action.sh] ended after 5 secs
19:05:02 | [bashew_github_action.sh] 1.0.2 started
19:05:02 | Running gha:execute
19:05:02 | Create screenshots
Screenshot of 'https://blog.forret.com' written to 'output/blog.forret.com.png'
Screenshot of 'https://peter.forret.com' written to 'output/peter.forret.com.png'
Screenshot of 'https://www.forret.com' written to 'output/www.forret.com.png'
19:05:10 | [bashew_github_action.sh] ended after 8 secs
19:05:10 | [bashew_github_action.sh] 1.0.2 started
19:08:01 | [bashew_github_action.sh] 1.0.2 started
19:08:01 | Running gha:before
19:08:05 | [bashew_github_action.sh] ended after 4 secs
19:08:05 | [bashew_github_action.sh] 1.0.2 started
19:08:05 | Running gha:execute
19:08:06 | Create screenshots
Screenshot of 'https://blog.forret.com' written to 'output/blog.forret.com.png'
Screenshot of 'https://peter.forret.com' written to 'output/peter.forret.com.png'
Screenshot of 'https://www.forret.com' written to 'output/www.forret.com.png'
19:08:13 | [bashew_github_action.sh] ended after 8 secs
19:08:13 | [bashew_github_action.sh] 1.0.2 started
19:10:00 | [bashew_github_action.sh] 1.0.2 started
19:10:00 | Running gha:before
19:10:04 | [bashew_github_action.sh] ended after 4 secs
19:10:04 | [bashew_github_action.sh] 1.0.2 started
19:10:04 | Running gha:execute
19:10:04 | Create screenshots
Screenshot of 'https://blog.forret.com' written to 'output/blog.forret.com.png'
Screenshot of 'https://peter.forret.com' written to 'output/peter.forret.com.png'
Screenshot of 'https://www.forret.com' written to 'output/www.forret.com.png'
19:10:11 | [bashew_github_action.sh] ended after 7 secs
19:10:11 | [bashew_github_action.sh] 1.0.2 started
19:11:44 | [bashew_github_action.sh] 1.0.3 started
19:11:44 | Running gha:before
19:11:49 | [bashew_github_action.sh] ended after 5 secs
19:11:49 | [bashew_github_action.sh] 1.0.3 started
19:11:49 | Running gha:execute
19:11:49 | Create screenshots
Screenshot of 'https://blog.forret.com' written to 'output/blog.forret.com.png'
Screenshot of 'https://peter.forret.com' written to 'output/peter.forret.com.png'
Screenshot of 'https://www.forret.com' written to 'output/www.forret.com.png'
19:11:58 | [bashew_github_action.sh] ended after 9 secs
19:11:58 | [bashew_github_action.sh] 1.0.3 started
